  Action.cpp
  ActionMap.cpp
  Actor.cpp
  ActorManager.cpp
  Animation.cpp
  AnimationComponent.cpp
  AttackComponent.cpp
  Button.cpp
  Canvas.cpp
  CollisionComponent.cpp
  Component.cpp
  Enemy.cpp
  Game.cpp
  HUD.cpp
D:\CourCorrection\Fallout-shelter\FalloutShelter\FalloutShelter\HUD.h(12,9): error C2065: 'ScrollBar': undeclared identifier
D:\CourCorrection\Fallout-shelter\FalloutShelter\FalloutShelter\HUD.h(12,19): error C2059: syntax error: '>'
D:\CourCorrection\Fallout-shelter\FalloutShelter\FalloutShelter\HUD.h(19,20): error C2061: syntax error: identifier 'ScrollBar'
D:\CourCorrection\Fallout-shelter\FalloutShelter\FalloutShelter\HUD.h(21,24): error C2065: '_scrollBar': undeclared identifier
  IManagable.cpp
  IManager.cpp
  InputManager.cpp
D:\CourCorrection\Fallout-shelter\FalloutShelter\FalloutShelter\HUD.h(12,9): error C2065: 'ScrollBar': undeclared identifier
D:\CourCorrection\Fallout-shelter\FalloutShelter\FalloutShelter\HUD.h(12,19): error C2059: syntax error: '>'
D:\CourCorrection\Fallout-shelter\FalloutShelter\FalloutShelter\HUD.h(19,20): error C2061: syntax error: identifier 'ScrollBar'
D:\CourCorrection\Fallout-shelter\FalloutShelter\FalloutShelter\HUD.h(21,24): error C2065: '_scrollBar': undeclared identifier
D:\CourCorrection\Fallout-shelter\FalloutShelter\FalloutShelter\InputManager.cpp(22,75): warning C4244: 'argument': conversion from 'unsigned int' to 'T', possible loss of data
          with
          [
              T=float
          ]
D:\CourCorrection\Fallout-shelter\FalloutShelter\FalloutShelter\InputManager.cpp(22,56): warning C4244: 'argument': conversion from 'unsigned int' to 'T', possible loss of data
          with
          [
              T=float
          ]
  Kismet.cpp
  Macro.cpp
  main.cpp
  Generating Code...
  Compiling...
  Object.cpp
  ShapeObject.cpp
  ShapeWidget.cpp
  Singleton.cpp
  TextureData.cpp
  TextureManager.cpp
  Timer.cpp
  TimerManager.cpp
  Widget.cpp
  Generating Code...
