d:\courcorrection\fallout-shelter\falloutshelter\falloutshelter\x64\debug\vc143.pdb
d:\courcorrection\fallout-shelter\falloutshelter\falloutshelter\x64\debug\vc143.idb
d:\courcorrection\fallout-shelter\falloutshelter\falloutshelter\x64\debug\game.obj
d:\courcorrection\fallout-shelter\falloutshelter\falloutshelter\x64\debug\fsmenemy.obj
d:\courcorrection\fallout-shelter\falloutshelter\falloutshelter\x64\debug\fsm.obj
d:\courcorrection\fallout-shelter\falloutshelter\falloutshelter\x64\debug\entity.obj
d:\courcorrection\fallout-shelter\falloutshelter\falloutshelter\x64\debug\enemymovementcomponent.obj
d:\courcorrection\fallout-shelter\falloutshelter\falloutshelter\x64\debug\enemy.obj
d:\courcorrection\fallout-shelter\falloutshelter\falloutshelter\x64\debug\component.obj
d:\courcorrection\fallout-shelter\falloutshelter\falloutshelter\x64\debug\collisioncomponent.obj
d:\courcorrection\fallout-shelter\falloutshelter\falloutshelter\x64\debug\canvas.obj
d:\courcorrection\fallout-shelter\falloutshelter\falloutshelter\x64\debug\button.obj
d:\courcorrection\fallout-shelter\falloutshelter\falloutshelter\x64\debug\blackborad.obj
d:\courcorrection\fallout-shelter\falloutshelter\falloutshelter\x64\debug\attackstate.obj
d:\courcorrection\fallout-shelter\falloutshelter\falloutshelter\x64\debug\attackcomponent.obj
d:\courcorrection\fallout-shelter\falloutshelter\falloutshelter\x64\debug\armor.obj
d:\courcorrection\fallout-shelter\falloutshelter\falloutshelter\x64\debug\animationcomponent.obj
d:\courcorrection\fallout-shelter\falloutshelter\falloutshelter\x64\debug\animation.obj
d:\courcorrection\fallout-shelter\falloutshelter\falloutshelter\x64\debug\actormanager.obj
d:\courcorrection\fallout-shelter\falloutshelter\falloutshelter\x64\debug\actor.obj
d:\courcorrection\fallout-shelter\falloutshelter\falloutshelter\x64\debug\actionmap.obj
d:\courcorrection\fallout-shelter\falloutshelter\falloutshelter\x64\debug\action.obj
d:\courcorrection\fallout-shelter\falloutshelter\falloutshelter\x64\debug\scrollbar.obj
d:\courcorrection\fallout-shelter\falloutshelter\falloutshelter\x64\debug\object.obj
d:\courcorrection\fallout-shelter\falloutshelter\falloutshelter\x64\debug\movetotransiton.obj
d:\courcorrection\fallout-shelter\falloutshelter\falloutshelter\x64\debug\movetostate.obj
d:\courcorrection\fallout-shelter\falloutshelter\falloutshelter\x64\debug\movementcomponent.obj
d:\courcorrection\fallout-shelter\falloutshelter\falloutshelter\x64\debug\mapmanager.obj
d:\courcorrection\fallout-shelter\falloutshelter\falloutshelter\x64\debug\map.obj
d:\courcorrection\fallout-shelter\falloutshelter\falloutshelter\x64\debug\man.obj
d:\courcorrection\fallout-shelter\falloutshelter\falloutshelter\x64\debug\main.obj
d:\courcorrection\fallout-shelter\falloutshelter\falloutshelter\x64\debug\macro.obj
d:\courcorrection\fallout-shelter\falloutshelter\falloutshelter\x64\debug\kismet.obj
d:\courcorrection\fallout-shelter\falloutshelter\falloutshelter\x64\debug\items.obj
d:\courcorrection\fallout-shelter\falloutshelter\falloutshelter\x64\debug\inputmanager.obj
d:\courcorrection\fallout-shelter\falloutshelter\falloutshelter\x64\debug\imanager.obj
d:\courcorrection\fallout-shelter\falloutshelter\falloutshelter\x64\debug\imanagable.obj
d:\courcorrection\fallout-shelter\falloutshelter\falloutshelter\x64\debug\human.obj
d:\courcorrection\fallout-shelter\falloutshelter\falloutshelter\x64\debug\hud.obj
d:\courcorrection\fallout-shelter\falloutshelter\falloutshelter\x64\debug\hall.obj
d:\courcorrection\fallout-shelter\falloutshelter\falloutshelter\x64\debug\grid.obj
d:\courcorrection\fallout-shelter\falloutshelter\falloutshelter\x64\debug\gamewindow.obj
d:\courcorrection\fallout-shelter\falloutshelter\falloutshelter\x64\debug\zombie.obj
d:\courcorrection\fallout-shelter\falloutshelter\falloutshelter\x64\debug\woman.obj
d:\courcorrection\fallout-shelter\falloutshelter\falloutshelter\x64\debug\widget.obj
d:\courcorrection\fallout-shelter\falloutshelter\falloutshelter\x64\debug\weapons.obj
d:\courcorrection\fallout-shelter\falloutshelter\falloutshelter\x64\debug\transition.obj
d:\courcorrection\fallout-shelter\falloutshelter\falloutshelter\x64\debug\timermanager.obj
d:\courcorrection\fallout-shelter\falloutshelter\falloutshelter\x64\debug\timer.obj
d:\courcorrection\fallout-shelter\falloutshelter\falloutshelter\x64\debug\tile.obj
d:\courcorrection\fallout-shelter\falloutshelter\falloutshelter\x64\debug\texturemanager.obj
d:\courcorrection\fallout-shelter\falloutshelter\falloutshelter\x64\debug\texturedata.obj
d:\courcorrection\fallout-shelter\falloutshelter\falloutshelter\x64\debug\state.obj
d:\courcorrection\fallout-shelter\falloutshelter\falloutshelter\x64\debug\spawner.obj
d:\courcorrection\fallout-shelter\falloutshelter\falloutshelter\x64\debug\singleton.obj
d:\courcorrection\fallout-shelter\falloutshelter\falloutshelter\x64\debug\shapewidget.obj
d:\courcorrection\fallout-shelter\falloutshelter\falloutshelter\x64\debug\shapeobject.obj
d:\courcorrection\fallout-shelter\falloutshelter\x64\debug\falloutshelter.exe
d:\courcorrection\fallout-shelter\falloutshelter\falloutshelter\x64\debug\falloutshelter.ilk
d:\courcorrection\fallout-shelter\falloutshelter\x64\debug\falloutshelter.pdb
d:\courcorrection\fallout-shelter\falloutshelter\falloutshelter\x64\debug\falloutshelter.tlog\cl.command.1.tlog
d:\courcorrection\fallout-shelter\falloutshelter\falloutshelter\x64\debug\falloutshelter.tlog\cl.items.tlog
d:\courcorrection\fallout-shelter\falloutshelter\falloutshelter\x64\debug\falloutshelter.tlog\cl.read.1.tlog
d:\courcorrection\fallout-shelter\falloutshelter\falloutshelter\x64\debug\falloutshelter.tlog\cl.write.1.tlog
d:\courcorrection\fallout-shelter\falloutshelter\falloutshelter\x64\debug\falloutshelter.tlog\link.command.1.tlog
d:\courcorrection\fallout-shelter\falloutshelter\falloutshelter\x64\debug\falloutshelter.tlog\link.read.1.tlog
d:\courcorrection\fallout-shelter\falloutshelter\falloutshelter\x64\debug\falloutshelter.tlog\link.write.1.tlog
